<?xml version="1.0" encoding="UTF-8"?>
<testng-results skipped="0" failed="0" ignored="0" total="1" passed="1">
  <reporter-output>
  </reporter-output>
  <suite name="Default suite" duration-ms="3220" started-at="2017-07-29T11:41:16Z" finished-at="2017-07-29T11:41:19Z">
    <groups>
    </groups>
    <test name="Default test" duration-ms="3220" started-at="2017-07-29T11:41:16Z" finished-at="2017-07-29T11:41:19Z">
      <class name="testcases.test">
        <test-method status="PASS" signature="start()[pri:0, instance:testcases.test@47c62251]" name="start" is-config="true" duration-ms="3151" started-at="2017-07-29T18:41:16Z" finished-at="2017-07-29T18:41:19Z">
          <reporter-output>
          </reporter-output>
        </test-method> <!-- start -->
        <test-method status="PASS" signature="testgoogle()[pri:0, instance:testcases.test@47c62251]" name="testgoogle" duration-ms="15" started-at="2017-07-29T18:41:19Z" finished-at="2017-07-29T18:41:19Z">
          <reporter-output>
          </reporter-output>
        </test-method> <!-- testgoogle -->
        <test-method status="PASS" signature="down()[pri:0, instance:testcases.test@47c62251]" name="down" is-config="true" duration-ms="4" started-at="2017-07-29T18:41:19Z" finished-at="2017-07-29T18:41:19Z">
          <reporter-output>
          </reporter-output>
        </test-method> <!-- down -->
      </class> <!-- testcases.test -->
    </test> <!-- Default test -->
  </suite> <!-- Default suite -->
</testng-results>
